12:55:42:876 (00019416) > [Startup] Marvel's Spider-Man Remastered
12:55:42:876 (00019416) > [Startup] ==============
12:55:42:876 (00019416) > [Startup] 
12:55:42:876 (00019416) > [Startup] Build: v1.812.1.0
12:55:42:876 (00019416) > [Startup] Windows 10.0 (build 19042)
12:55:42:876 (00019416) > [Startup] Game directory: C:\Users\<username>\Documents\Marvel's Spider-Man Remastered\
12:55:42:876 (00019416) > [Startup] 
12:55:42:876 (00019416) > [Startup] Memory statistics:
12:55:42:876 (00019416) > [Startup]   Total RAM = 31.9 GB (32678 MB)
12:55:42:876 (00019416) > [Startup]   Avail RAM = 24.5 GB (25117 MB)
12:55:42:876 (00019416) > [Startup]   Total virtual memory = 131072.0 GB (134217727 MB)
12:55:42:876 (00019416) > [Startup]   Avail virtual memory = 131062.7 GB (134208170 MB)
12:55:42:876 (00019416) > [Startup]   Total page file = 33.9 GB (34726 MB)
12:55:42:876 (00019416) > [Startup]   Avail page file = 21.6 GB (22102 MB)
12:55:42:876 (00019416) > [Startup] 
12:55:42:876 (00019416) > [NxApp] PreInit
12:55:42:876 (00019416) > [SwapChain] Initializing...
12:55:42:876 (00019416) > [DXGI] Initializing...
12:55:42:886 (00019416) > [DXGI] Successfully initialized.
12:55:42:886 (00019416) > [Render] Enumerating adapters:
12:55:42:886 (00019416) > [Render] 	Adapter 0:
12:55:42:886 (00019416) > [Monitor] 		Description             : AMD Radeon RX 6600 XT
12:55:42:886 (00019416) > [Monitor] 		Vendor                  : AMD (1002)
12:55:42:886 (00019416) > [Monitor] 		Device                  : 73ff
12:55:42:886 (00019416) > [Monitor] 		Sub system              : 2412148c
12:55:42:886 (00019416) > [Monitor] 		Revision                : 193
12:55:42:886 (00019416) > [Monitor] 		Dedicated Video Memory  : 8147 MB
12:55:42:886 (00019416) > [Monitor] 		Dedicated System Memory : 0000 MB
12:55:42:886 (00019416) > [Monitor] 		Shared System Memory    : 16339 MB
12:55:42:886 (00019416) > [Monitor] 
12:55:42:886 (00019416) > [Render] Loading ADL...
12:55:42:927 (00019416) > [Render] AGS init succeeded
12:55:42:927 (00019416) > [Render] AGS Radeon Software Version: 22.11.2
12:55:42:927 (00019416) > [Render] Done loading ADL and AGS
12:55:42:927 (00019416) > [Render] 	Adapter 1:
12:55:42:927 (00019416) > [Monitor] 		Description             : Microsoft Basic Render Driver
12:55:42:927 (00019416) > [Monitor] 		Vendor                  : Unknown (1414)
12:55:42:927 (00019416) > [Monitor] 		Device                  : 8c
12:55:42:927 (00019416) > [Monitor] 		Sub system              : 0
12:55:42:927 (00019416) > [Monitor] 		Revision                : 0
12:55:42:927 (00019416) > [Monitor] 		Dedicated Video Memory  : 0000 MB
12:55:42:927 (00019416) > [Monitor] 		Dedicated System Memory : 0000 MB
12:55:42:927 (00019416) > [Monitor] 		Shared System Memory    : 16339 MB
12:55:42:927 (00019416) > [Monitor] 
12:55:42:927 (00019416) > [Render] Enumerating monitors:
12:55:42:927 (00019416) > [Render] 	Monitor 0: handle = 0000000000010001, aspect = 1.76, rounded aspect = 1.78
12:55:42:927 (00019416) > [Render] 
12:55:42:927 (00019416) > [Render] 	Monitor handle = 0000000000010001, pixel aspect ratio = 1.00
12:55:42:927 (00019416) > [SwapChain] Successfully initialized.
12:55:42:927 (00019416) > [Render] Enumerating Display Modes:
12:55:42:928 (00019416) > [Render] Querying ADL for Eyefinity modes
12:55:42:935 (00019416) > [Render] 	Monitor '1 (AMD Radeon RX 6600 XT(1))' (0000000000010001):
12:55:42:935 (00019416) > [Render] 		- Mode  0 :  800 x  600 @  60 Hz, stereo = 0, hdr = 0
12:55:42:935 (00019416) > [Render] 		- Mode  1 : 1024 x  768 @  60 Hz, stereo = 0, hdr = 0
12:55:42:935 (00019416) > [Render] 		- Mode  2 : 1128 x  634 @  60 Hz, stereo = 0, hdr = 0
12:55:42:935 (00019416) > [Render] 		- Mode  3 : 1128 x  634 @  60 Hz, stereo = 0, hdr = 0
12:55:42:935 (00019416) > [Render] 		- Mode  4 : 1152 x  864 @  60 Hz, stereo = 0, hdr = 0
12:55:42:935 (00019416) > [Render] 		- Mode  5 : 1280 x  720 @  60 Hz, stereo = 0, hdr = 0
12:55:42:935 (00019416) > [Render] 		- Mode  6 : 1280 x  720 @  60 Hz, stereo = 0, hdr = 0
12:55:42:935 (00019416) > [Render] 		- Mode  7 : 1280 x  800 @  60 Hz, stereo = 0, hdr = 0
12:55:42:935 (00019416) > [Render] 		- Mode  8 : 1280 x 1024 @  60 Hz, stereo = 0, hdr = 0
12:55:42:935 (00019416) > [Render] 		- Mode  9 : 1366 x  768 @  60 Hz, stereo = 0, hdr = 0
12:55:42:935 (00019416) > [Render] 		- Mode 10 : 1366 x  768 @  60 Hz, stereo = 0, hdr = 0
12:55:42:935 (00019416) > [Render] 		- Mode 11 : 1600 x  900 @  60 Hz, stereo = 0, hdr = 0
12:55:42:935 (00019416) > [Render] 		- Mode 12 : 1600 x 1200 @  60 Hz, stereo = 0, hdr = 0
12:55:42:935 (00019416) > [Render] 		- Mode 13 : 1600 x 1200 @  60 Hz, stereo = 0, hdr = 0
12:55:42:935 (00019416) > [Render] 		- Mode 14 : 1680 x 1050 @  60 Hz, stereo = 0, hdr = 0
12:55:42:935 (00019416) > [Render] 		- Mode 15 : 1680 x 1050 @  60 Hz, stereo = 0, hdr = 0
12:55:42:935 (00019416) > [Render] 		- Mode 16 : 1680 x 1050 @  60 Hz, stereo = 0, hdr = 0
12:55:42:935 (00019416) > [Render] 		- Mode 17 : 1680 x 1050 @  60 Hz, stereo = 0, hdr = 0
12:55:42:935 (00019416) > [Render] 		- Mode 18 : 1760 x  990 @  60 Hz, stereo = 0, hdr = 0
12:55:42:935 (00019416) > [Render] 		- Mode 19 : 1760 x  990 @  60 Hz, stereo = 0, hdr = 0
12:55:42:935 (00019416) > [Render] 		- Mode 20 : 1760 x  990 @  60 Hz, stereo = 0, hdr = 0
12:55:42:935 (00019416) > [Render] 		- Mode 21 : 1760 x  990 @  60 Hz, stereo = 0, hdr = 0
12:55:42:935 (00019416) > [Render] 		- Mode 22 : 1920 x 1080 @  60 Hz, stereo = 0, hdr = 0
12:55:42:935 (00019416) > [Render] 		- Mode 23 : 1920 x 1080 @  60 Hz, stereo = 0, hdr = 0
12:55:42:935 (00019416) > [Render] 		- Mode 24 : 1920 x 1200 @  60 Hz, stereo = 0, hdr = 0
12:55:42:935 (00019416) > [Render] 		- Mode 25 : 1920 x 1200 @  60 Hz, stereo = 0, hdr = 0
12:55:42:935 (00019416) > [Render] 		- Mode 26 : 2048 x 1536 @  30 Hz, stereo = 0, hdr = 0
12:55:42:935 (00019416) > [Render] 		- Mode 27 : 2048 x 1536 @  30 Hz, stereo = 0, hdr = 0
12:55:42:935 (00019416) > [Render] 		- Mode 28 : 2048 x 1536 @  60 Hz, stereo = 0, hdr = 0
12:55:42:935 (00019416) > [Render] 		- Mode 29 : 2048 x 1536 @  60 Hz, stereo = 0, hdr = 0
12:55:42:935 (00019416) > [Render] 		- Mode 30 : 2560 x 1440 @  60 Hz, stereo = 0, hdr = 0
12:55:42:935 (00019416) > [Render] 		- Mode 31 : 3072 x 1728 @  30 Hz, stereo = 0, hdr = 0
12:55:42:935 (00019416) > [Render] 		- Mode 32 : 3072 x 1728 @  30 Hz, stereo = 0, hdr = 0
12:55:42:935 (00019416) > [Render] 		- Mode 33 : 3072 x 1728 @  60 Hz, stereo = 0, hdr = 0
12:55:42:935 (00019416) > [Render] 		- Mode 34 : 3072 x 1728 @  60 Hz, stereo = 0, hdr = 0
12:55:42:935 (00019416) > [Render] 		- Mode 35 : 3200 x 1800 @  30 Hz, stereo = 0, hdr = 0
12:55:42:935 (00019416) > [Render] 		- Mode 36 : 3200 x 1800 @  30 Hz, stereo = 0, hdr = 0
12:55:42:935 (00019416) > [Render] 		- Mode 37 : 3200 x 1800 @  60 Hz, stereo = 0, hdr = 0
12:55:42:935 (00019416) > [Render] 		- Mode 38 : 3200 x 1800 @  60 Hz, stereo = 0, hdr = 0
12:55:42:935 (00019416) > [Render] 		- Mode 39 : 3840 x 2160 @  30 Hz, stereo = 0, hdr = 0
12:55:42:935 (00019416) > [Render] 		- Mode 40 : 3840 x 2160 @  60 Hz, stereo = 0, hdr = 0
12:55:42:935 (00019416) > [Render] ***** Additional Monitor Output Info *****
12:55:42:935 (00019416) > [Render] 		BitsPerColor: 10
12:55:42:935 (00019416) > [Render] 		Primaries: R=0.6797;0.3154  G=0.2803;0.6738  B=0.1523;0.0498  White-Point=0.3125;0.3291
12:55:42:935 (00019416) > [Render] 		HDR: No (Color Space: DXGI_COLOR_SPACE_RGB_FULL_G22_NONE_P709)
12:55:42:935 (00019416) > [Render] 		Luminance: Min=0.0100 Max=1499.0000 MaxFullFrame=799.0000
12:55:42:935 (00019416) > [Render] ******************************************
12:55:42:935 (00019416) > [Render] 
12:55:43:126 (00019416) > [D3D] Max supported feature level: 11.0
12:55:43:126 (00019416) > [Render] Disabled D3D12 experimentals
12:55:43:283 (00019416) > [Render] VMEM Budget: 7379 MB
12:55:43:283 (00019416) > [Render] VMEM Avaialbe: 7362 MB
12:55:43:283 (00019416) > [Render] GPU node count: 1
12:55:43:291 (00019416) > [NxApp] PreInit successful.
12:55:43:312 (00019416) > [NxApp] Querying GPU Driver Info...
12:55:43:312 (00019416) > [NxApp] Enumerating available display adapters:
12:55:43:379 (00019416) > [NxApp] 		AMD Radeon RX 6600 XT (active)
12:55:43:379 (00019416) > [NxApp] Successfully found GPU Driver Info
12:55:48:588 (00019416) > [NxApp] Querying GPU Driver Info...
12:55:48:588 (00019416) > [NxApp] Enumerating available display adapters:
12:55:48:651 (00019416) > [NxApp] 		AMD Radeon RX 6600 XT (active)
12:55:48:651 (00019416) > [NxApp] Successfully found GPU Driver Info
12:55:48:651 (00019416) > [NxApp] Driver Desc: AMD Radeon RX 6600 XT
12:55:48:651 (00019416) > [NxApp] Driver Version: 22.11.2
12:55:48:651 (00019416) > [**************************************************Display + Graphics Settings**************************************************] 
12:55:48:651 (00019416) > [Settings] DirectX Version: 12
12:55:48:651 (00019416) > [Settings] Window mode: Fullscreen
12:55:48:651 (00019416) > [Settings] Fullscreen display mode:
12:55:48:651 (00019416) > [Settings] 	Displaying on monitor: 0
12:55:48:651 (00019416) > [Settings] 	Resolution: 2560x1440
12:55:48:651 (00019416) > [Settings] 	OS reported Refresh rate: 60
12:55:48:651 (00019416) > [Settings] 	VSync: On
12:55:48:651 (00019416) > [Settings] 	HDR: Off
12:55:48:651 (00019416) > [Settings] 	Resolution modifier 1.000000
12:55:48:651 (00019416) > [Settings] 	Dynamic resolution FPS target: 0
12:55:48:651 (00019416) > [Settings] Anti aliasing: TAA

12:55:48:651 (00019416) > [Settings] Upscale method: FSR

12:55:48:651 (00019416) > [Settings] Upscale quality: Quality

12:55:48:651 (00019416) > [Settings] Graphics Options:
12:55:48:651 (00019416) > [Settings] 	RT Reflections: Off
12:55:48:651 (00019416) > [Settings] 	Texture Quality: Ultra
12:55:48:651 (00019416) > [Settings] 	Texture Filtering: Anisotropic4x
12:55:48:651 (00019416) > [Settings] 	Shadow Quality: Ultra
12:55:48:651 (00019416) > [Settings] 	Depth of Field: High
12:55:48:651 (00019416) > [Settings] 	Level of Detail: Ultra
12:55:48:651 (00019416) > [Settings] 	Vehicle Detail: Medium
12:55:48:651 (00019416) > [Settings] 	Crowd Detail: High
12:55:48:651 (00019416) > [Settings] 	Hair Quality: High
12:55:48:651 (00019416) > [Settings] 	Ambient Occlusion: HBAO+
12:55:48:651 (00019416) > [Settings] 	Screen Space Reflections: Normal
12:55:48:651 (00019416) > [Settings] 	Particle Lighting: Very High

12:55:48:651 (00019416) > [Settings] 	Bloom: On
12:55:48:651 (00019416) > [Settings] 	Vignette: On
12:55:48:651 (00019416) > [Settings] 	Chromatic Aberration: On
12:55:48:651 (00019416) > [Settings] 	Motion Blur: 0.001000
12:55:48:651 (00019416) > [Settings] 	FOV Correction: 1.020000
12:55:48:651 (00019416) > [Settings] 	Film Grain Strength: 0.001000
12:55:48:651 (00019416) > [Settings] 	Lens Flares: On
12:55:48:651 (00019416) > [Settings] 	Screen Effects: On
12:55:48:651 (00019416) > [**************************************************Display + Graphics Settings**************************************************] 
12:55:48:651 (00019416) > [NxApp] Creating window...
12:55:48:654 (00021332) > [GameWindow] UpdateState bVisible true
12:55:48:662 (00021332) > [Input] Keyboard language: "中文(简体，中国)" (id: 2052)
12:55:48:662 (00021332) > [Input] Keyboard physical layout: "Chinese (Simplified) - US Keyboard" (id: 00000804)
12:55:48:663 (00021332) > [Input] Joystick            ""   product 6457 vendor 2821 version 256 usage 161 usagePage 65394 xinput no
12:55:48:663 (00021332) > [Input] Joystick            ""   product 4610 vendor 6785 version 257 usage 1 usagePage 12 xinput no
12:55:48:663 (00021332) > [Input] Joystick            ""   product 4610 vendor 6785 version 257 usage 61938 usagePage 61938 xinput no
12:55:48:663 (00021332) > [Input] Human Input Device  "HID-compliant vendor-defined device"   product 28530 vendor 255 version 1 usage 2 usagePage 65280
12:55:48:663 (00021332) > [Input] Human Input Device  "HID-compliant vendor-defined device"   product 28530 vendor 255 version 1 usage 1 usagePage 65280
12:55:48:664 (00021332) > [Input] Joystick            ""   product 4610 vendor 6785 version 257 usage 0 usagePage 65281 xinput no
12:55:48:664 (00021332) > [Input] Human Input Device  "Microsoft Input Configuration Device"   product 0 vendor 0 version 0 usage 0 usagePage 0
12:55:48:664 (00021332) > [Input] Keyboard            "HID Keyboard Device"   type 81 subType 0 mode 1 function 12 indicators 3 total 110
12:55:48:664 (00021332) > [Input] Keyboard            "HID Keyboard Device"   type 81 subType 0 mode 1 function 12 indicators 3 total 264
12:55:48:664 (00021332) > [Input] Mouse               "HID-compliant mouse"   id 256 buttons 5 sampleRate 0 horizontalWheel no
12:55:48:664 (00021332) > [Input] Mouse               "HID-compliant mouse"   id 256 buttons 5 sampleRate 0 horizontalWheel no
12:55:48:664 (00021332) > [Input] Mouse               "HID-compliant mouse"   id 256 buttons 5 sampleRate 0 horizontalWheel no
12:55:48:664 (00021332) > [Input] Mouse               "HID-compliant mouse"   id 256 buttons 5 sampleRate 0 horizontalWheel no
12:55:48:675 (00021332) > [Input] Using LibScePad
12:55:48:677 (00021332) > [XInput] Enumerating available xusb hid devices:

12:55:48:687 (00021332) > [Xinput] Found device: {4D36E972-E325-11CE-BFC1-08002BE10318}(USB\VID_045E&PID_02E6&REV_0100),Xbox Wireless Adapter for Windows 
	USB\VID_045E&PID_02E6\346615

12:55:48:689 (00019416) > [NxApp] Window created.
12:55:48:689 (00019416) > [NxApp] Initializing swapchain...
12:55:48:689 (00007536) > [SwapChain] Creating...
12:55:48:689 (00007536) > [NxSwapChainImpl] Swapchain native backbuffer (windows) resolution: 3840x2160
12:55:48:703 (00007536) > [DXGI] Created swapchain.
12:55:48:728 (00007536) > [SwapChain] Gamma correction is enabled.
12:55:48:728 (00007536) > [SwapChain] Successfully created.
12:55:48:728 (00007536) > [NxSwapChainImpl] Swapchain native backbuffer (windows) resolution: 3840x2160
12:55:48:728 (00019416) > [NxApp] Swapchain initialized
12:55:48:728 (00019416) > [NxApp] Initializing renderer...
12:55:48:728 (00019416) > [NxApp] Renderer initialized
12:55:48:773 (00019416) > [Render] File cache.pso contains 8933 pipelines and 0 duplicates
12:55:48:775 (00019416) > [Render] File C:\Users\<username>\AppData\Roaming\Insomniac Games\Marvel's Spider-Man Remastered\\cache.pso contains 312 pipelines and 0 duplicates
12:55:48:775 (00019416) > [Render] Support for Shader Model 6.6: Yes
12:55:48:775 (00019416) > [Render] Is UMA: No Is Cache Coherent: No
12:55:48:775 (00019416) > [Render] Using Cpu Buffer Optimize: No
12:55:51:775 (00021256) > [Audio] 
12:55:51:804 (00012968) > [Save] Request type 3 failed with code 0x00000002
12:55:51:825 (00012968) > [Save] Request type 3 failed with code 0x00000002
12:55:53:644 (00019416) > [Save] Request load save type -1, control 128, target -1
12:55:53:645 (00012968) > [Save] Request type 3 failed with code 0x00000002
12:55:53:678 (00012968) > [Save] Request type 3 failed with code 0x00000002
12:55:53:724 (00019416) > [Save] Request load save type 0, control 128, target -1
12:55:53:751 (00019416) > [Save] Request load save type 0, control 128, target -1
12:55:53:766 (00012968) > [Save] Request type 3 failed with code 0x00000002
12:55:53:784 (00019416) > [Save] Request load save type 0, control 128, target -1
12:55:53:799 (00012968) > [Save] Request type 3 failed with code 0x00000002
12:55:53:817 (00019416) > [Save] Request load save type 0, control 128, target -1
12:55:53:833 (00012968) > [Save] Request type 3 failed with code 0x00000002
12:55:53:849 (00019416) > [Save] Request load save type 0, control 128, target -1
12:55:53:866 (00012968) > [Save] Request type 3 failed with code 0x00000002
12:55:56:334 (00021332) > [Input] new Windows.Gaming.Input raw-controller found 45e b12

12:55:57:732 (00019416) > [Input] Windows.Gaming.Input controller connected. index: 0
12:55:57:732 (00019416) > [Input] XInput controller connected. index: 0
12:55:57:732 (00019416) > [Input] Gamepads connected: 0 -> 2
12:55:57:732 (00019416) > [Input] Gamepad for main player: 0
12:55:57:748 (00019416) > [Input] XInput disabled, disconnecting controller. index: 0
12:55:57:748 (00019416) > [Input] Gamepads connected: 2 -> 1
12:55:57:748 (00019416) > [Input] Gamepad for main player: 0
12:56:00:318 (00019416) > [Save] Request load save type 0, control 128, target -1
12:56:00:854 (00019416) > [Save] Request save type 2, control 0
12:57:08:910 (00019416) > [Save] Request save type 0, control 0
12:57:49:952 (00019416) > [Save] Request save type 0, control 0
12:57:49:952 (00019416) > [Save] Request save type 0, control 0
12:57:49:952 (00019416) > [Save] Request save type 0, control 0
12:57:49:952 (00019416) > [Save] Request save type 0, control 0
12:57:59:077 (00019416) > [Save] Request save type 0, control 0
12:58:36:798 (00019416) > [Save] Request save type 0, control 0
12:58:45:259 (00019416) > [Save] Request save type 0, control 0
12:58:45:259 (00019416) > [Save] Request save type 0, control 0
12:58:45:259 (00019416) > [Save] Request save type 0, control 0
12:58:45:259 (00019416) > [Save] Request save type 0, control 0
12:58:46:354 (00019416) > [Save] Request save type 0, control 36
12:59:34:254 (00019416) > [Save] Request save type 0, control 0
12:59:34:254 (00019416) > [Save] Request save type 0, control 0
12:59:34:254 (00019416) > [Save] Request save type 0, control 0
12:59:34:254 (00019416) > [Save] Request save type 0, control 0
12:59:45:573 (00019416) > [Save] Request save type 0, control 0
13:00:36:742 (00019416) > [Save] Request save type 0, control 0
13:01:50:509 (00019416) > [Save] Request save type 0, control 0
13:01:50:509 (00019416) > [Save] Request save type 0, control 0
13:01:50:509 (00019416) > [Save] Request save type 0, control 0
13:01:50:509 (00019416) > [Save] Request save type 0, control 0
13:01:56:075 (00019416) > [Save] Request save type 0, control 0
13:02:35:274 (00019416) > [Save] Request save type 0, control 0
13:02:35:275 (00019416) > [Save] Request save type 0, control 0
13:02:36:314 (00019416) > [Save] Request save type 0, control 0
13:03:19:792 (00019416) > [Save] Request save type 0, control 0
13:03:19:793 (00019416) > [Save] Request save type 0, control 0
13:03:19:793 (00019416) > [Save] Request save type 0, control 0
13:03:19:793 (00019416) > [Save] Request save type 0, control 0
13:03:19:793 (00019416) > [Save] Request save type 0, control 0
13:03:20:164 (00019416) > [Save] Request save type 0, control 0
13:03:20:872 (00019416) > [Save] Request save type 0, control 36
13:03:43:233 (00019416) > [Save] Request save type 0, control 0
13:03:43:233 (00019416) > [Save] Request save type 0, control 0
13:03:43:233 (00019416) > [Save] Request save type 0, control 0
13:03:43:233 (00019416) > [Save] Request save type 0, control 0
13:03:43:233 (00019416) > [Save] Request save type 0, control 0
13:03:43:233 (00019416) > [Save] Request save type 0, control 0
13:03:43:233 (00019416) > [Save] Request save type 0, control 0
13:03:43:233 (00019416) > [Save] Request save type 0, control 0
13:03:59:800 (00019416) > [Save] Request save type 0, control 0
13:03:59:800 (00019416) > [Save] Request save type 0, control 0
13:03:59:817 (00019416) > [Save] Request save type 0, control 0
13:05:11:473 (00019416) > [Save] Request save type 0, control 0
13:05:14:226 (00019416) > [Save] Request save type 0, control 0
13:06:03:004 (00019416) > [Save] Request save type 0, control 0
13:06:03:004 (00019416) > [Save] Request save type 0, control 0
13:06:03:004 (00019416) > [Save] Request save type 0, control 0
13:06:03:004 (00019416) > [Save] Request save type 0, control 0
13:06:04:083 (00019416) > [Save] Request save type 0, control 36
13:07:10:586 (00019416) > [Save] Request save type 0, control 0
13:07:55:085 (00019416) > [Save] Request save type 0, control 0
13:07:55:086 (00019416) > [Save] Request save type 0, control 0
13:08:24:533 (00019416) > [Save] Request save type 0, control 0
13:08:24:533 (00019416) > [Save] Request save type 0, control 0
13:08:24:533 (00019416) > [Save] Request save type 0, control 0
13:08:24:533 (00019416) > [Save] Request save type 0, control 0
13:08:24:533 (00019416) > [Save] Request save type 0, control 0
13:08:24:533 (00019416) > [Save] Request save type 0, control 0
13:08:24:533 (00019416) > [Save] Request save type 0, control 0
13:08:54:168 (00019416) > [Save] Request save type 0, control 0
13:08:54:216 (00019416) > [Save] Request save type 0, control 0
13:08:54:216 (00019416) > [Save] Request save type 0, control 0
13:08:54:228 (00019416) > [Save] Request save type 0, control 0
13:09:21:352 (00019416) > [Save] Request save type 0, control 0
13:09:21:352 (00019416) > [Save] Request save type 0, control 0
13:09:21:352 (00019416) > [Save] Request save type 0, control 0
13:09:39:938 (00019416) > [Save] Request save type 0, control 0
13:09:39:938 (00019416) > [Save] Request save type 0, control 0
13:09:39:954 (00019416) > [Save] Request save type 0, control 0
13:10:34:491 (00019416) > [Save] Request save type 0, control 0
13:10:34:491 (00019416) > [Save] Request save type 0, control 0
13:10:34:507 (00019416) > [Save] Request save type 0, control 0
13:11:24:878 (00019416) > [Save] Request save type 0, control 0
13:11:24:879 (00019416) > [Save] Request save type 0, control 0
13:11:24:895 (00019416) > [Save] Request save type 0, control 0
13:11:40:095 (00019416) > [Save] Request save type 0, control 0
13:11:40:095 (00019416) > [Save] Request save type 0, control 0
13:11:40:111 (00019416) > [Save] Request save type 0, control 0
13:12:02:146 (00019416) > [Save] Request save type 0, control 0
13:12:02:146 (00019416) > [Save] Request save type 0, control 0
13:12:02:146 (00019416) > [Save] Request save type 0, control 0
13:13:00:917 (00019416) > [Save] Request save type 0, control 0
13:13:00:917 (00019416) > [Save] Request save type 0, control 0
13:13:00:934 (00019416) > [Save] Request save type 0, control 0
13:13:15:018 (00019416) > [Save] Request save type 0, control 0
13:13:15:018 (00019416) > [Save] Request save type 0, control 0
13:13:15:034 (00019416) > [Save] Request save type 0, control 0
13:15:15:728 (00019416) > [Save] Request save type 0, control 0
13:15:43:494 (00019416) > [Save] Request save type 0, control 0
13:15:43:494 (00019416) > [Save] Request save type 0, control 0
13:15:43:511 (00019416) > [Save] Request save type 0, control 0
13:16:17:930 (00019416) > [Save] Request save type 0, control 0
13:16:17:930 (00019416) > [Save] Request save type 0, control 0
13:16:17:930 (00019416) > [Save] Request save type 0, control 0
13:19:28:008 (00019416) > [Save] Request save type 0, control 0
13:19:28:008 (00019416) > [Save] Request save type 0, control 0
13:19:28:027 (00019416) > [Save] Request save type 0, control 0
13:24:08:601 (00019416) > [Save] Request save type 0, control 36
13:26:50:469 (00019416) > [Save] Request save type 0, control 0
13:26:50:470 (00019416) > [Save] Request save type 0, control 0
13:26:50:486 (00019416) > [Save] Request save type 0, control 0
13:28:50:858 (00019416) > [Save] Request save type 0, control 0
13:28:50:858 (00019416) > [Save] Request save type 0, control 0
13:28:50:858 (00019416) > [Save] Request save type 0, control 0
13:28:52:872 (00019416) > [Save] Request save type 0, control 0
13:28:53:285 (00019416) > [Save] Request save type 0, control 0
13:28:53:285 (00019416) > [Save] Request save type 0, control 0
13:28:53:302 (00019416) > [Save] Request save type 0, control 0
13:31:41:973 (00019416) > [Save] Request save type 0, control 0
13:31:41:974 (00019416) > [Save] Request save type 0, control 0
13:31:41:991 (00019416) > [Save] Request save type 0, control 0
13:32:56:745 (00019416) > [Save] Request save type 0, control 0
13:33:16:297 (00019416) > [Save] Request save type 0, control 256
13:33:16:297 (00019416) > [Save] Request save type 0, control 0
13:33:16:297 (00019416) > [Save] Request save type 0, control 0
13:34:40:098 (00019416) > [Save] Request save type 0, control 0
13:34:40:098 (00019416) > [Save] Request save type 0, control 0
13:34:40:098 (00019416) > [Save] Request save type 0, control 0
13:34:40:098 (00019416) > [Save] Request save type 0, control 0
13:34:40:098 (00019416) > [Save] Request save type 0, control 0
13:34:40:098 (00019416) > [Save] Request save type 0, control 0
13:34:41:164 (00019416) > [Save] Request save type 0, control 0
13:40:36:868 (00019416) > [Save] Request save type 0, control 0
13:47:11:405 (00019416) > [Save] Request save type 0, control 36
13:59:35:490 (00019416) > [Save] Request save type 0, control 0
13:59:35:491 (00019416) > [Save] Request save type 0, control 0
13:59:35:491 (00019416) > [Save] Request save type 0, control 0
13:59:35:491 (00019416) > [Save] Request save type 0, control 0
13:59:46:607 (00019416) > [Save] Request save type 0, control 0
13:59:50:575 (00019416) > [Save] Request save type 0, control 0
13:59:50:575 (00019416) > [Save] Request save type 0, control 0
13:59:50:575 (00019416) > [Save] Request save type 0, control 0
13:59:50:575 (00019416) > [Save] Request save type 0, control 0
13:59:50:591 (00019416) > [Save] Request save type 0, control 0
13:59:50:591 (00019416) > [Save] Request save type 0, control 0
14:00:42:809 (00019416) > [Save] Request save type 0, control 0
14:00:42:809 (00019416) > [Save] Request save type 0, control 0
14:00:42:826 (00019416) > [Save] Request save type 0, control 0
14:00:45:314 (00019416) > [Save] Request save type 0, control 0
14:00:46:250 (00019416) > [Save] Request save type 0, control 0
14:00:46:268 (00019416) > [Save] Request save type 0, control 0
14:02:40:218 (00019416) > [Save] Request load save type 0, control 64, target -1
14:02:41:986 (00019416) > [Save] Request save type 0, control 68
14:02:42:385 (00019416) > [Save] Request load save type 0, control 64, target -1
14:02:44:019 (00019416) > [Save] Request load save type 0, control 64, target -1
14:02:45:058 (00019416) > [Save] Request save type 0, control 0
14:02:58:940 (00019416) > [Save] Request save type 0, control 36
14:03:01:701 (00019416) > [Save] Request save type 0, control 0
14:03:27:421 (00019416) > [Save] Request save type 0, control 36
14:03:28:084 (00019416) > [Save] Request load save type -1, control 128, target -1
14:03:28:103 (00012968) > [Save] Request type 3 failed with code 0x00000002
14:03:28:136 (00012968) > [Save] Request type 3 failed with code 0x00000002
14:03:30:797 (00019416) > [Save] Request save type 2, control 0
14:03:30:882 (00021256) > [Audio] Device removed 0x0
14:03:31:106 (00019416) > [NxApp] Destroying
14:03:31:158 (00019416) > [DXGI] Destroyed swapchain.
14:03:31:158 (00019416) > [SwapChain] Destroyed.
14:03:31:158 (00019416) > [SwapChain] Released.
14:03:31:158 (00019416) > [Render] Unloading ADL...
14:03:31:159 (00019416) > [Render] Done unloading ADL
14:03:31:160 (00019416) > [DXGI] Destroyed swapchain.
14:03:31:160 (00019416) > [DXGI] Released.
--- NIXXES log closed ---
